{
  "stats": {
    "suites": 1,
    "tests": 1,
    "passes": 1,
    "pending": 0,
    "failures": 0,
    "start": "2021-04-26T00:02:55.560Z",
    "end": "2021-04-26T00:03:14.612Z",
    "duration": 19052,
    "testsRegistered": 1,
    "passPercent": 100,
    "pendingPercent": 0,
    "other": 0,
    "hasOther": false,
    "skipped": 0,
    "hasSkipped": false
  },
  "results": [
    {
      "uuid": "f77d62f6-4380-4f0f-98e4-9ef78e4507b3",
      "title": "",
      "fullFile": "cypress/integration/login.spec.js",
      "file": "cypress/integration/login.spec.js",
      "beforeHooks": [],
      "afterHooks": [],
      "tests": [],
      "suites": [
        {
          "uuid": "ced567d7-50dc-4654-8ae5-e81c4f76ddb8",
          "title": "User login",
          "fullFile": "",
          "file": "",
          "beforeHooks": [],
          "afterHooks": [],
          "tests": [
            {
              "title": "Login",
              "fullTitle": "User login Login",
              "timedOut": null,
              "duration": 18965,
              "state": "passed",
              "speed": "slow",
              "pass": true,
              "fail": false,
              "pending": false,
              "context": null,
              "code": "//Registration\ncy.visit('index.php');\ncy.get('a.login').click();\ncy.url().should('contain', '?controller=authentication&back=my-account'); //Log in\ncy.get('input#email_create').type(chance.email());\ncy.get('button#SubmitCreate').click();\ncy.url().should('contain', '?controller=authentication&back=my-account#account-creation'); //Fill form\ncy.get('input#id_gender2').check('2');\ncy.get('input#customer_firstname').type(chance.first());\ncy.get('input#customer_lastname').type(chance.last());\ncy.get('input#company').type('LTDA');\ncy.get('input#passwd').type('Agili');\ncy.get('select#days').select('5');\ncy.get('select#months').select('June');\ncy.get('select#years').select('1996');\ncy.get('input#newsletter').check();\ncy.get('input#optin').check();\ncy.get('input#address1').type('591 Grand Avenue');\ncy.get('input#address2').type('Suite G102');\ncy.get('input#city').type('San Marcos');\ncy.get('select#id_country').select('United States');\ncy.get('select#id_state').select('California');\ncy.get('input#postcode').type('57057');\ncy.get('textarea#other').type('Lorem ipsum dolor sit amet, consectetur adipiscing elit. Fusce ac ex sit amet nibh efficitur eleifend. ');\ncy.get('input#phone').type(chance.phone({\n  formatted: true\n}));\ncy.get('input#phone_mobile').type(chance.phone({\n  formatted: true\n}));\ncy.get('input#alias').type(' extra info');\ncy.get('button#submitAccount').click(); //Url and text assertion\ncy.url().should('contain', '?controller=my-account');\ncy.get('p.info-account').should('contain', 'Welcome to your account. Here you can manage all of your personal information and orders.');",
              "err": {},
              "uuid": "b0ee92eb-9b31-4b5f-8240-6fd91772ca10",
              "parentUUID": "ced567d7-50dc-4654-8ae5-e81c4f76ddb8",
              "isHook": false,
              "skipped": false
            }
          ],
          "suites": [],
          "passes": [
            "b0ee92eb-9b31-4b5f-8240-6fd91772ca10"
          ],
          "failures": [],
          "pending": [],
          "skipped": [],
          "duration": 18965,
          "root": false,
          "rootEmpty": false,
          "_timeout": 2000
        }
      ],
      "passes": [],
      "failures": [],
      "pending": [],
      "skipped": [],
      "duration": 0,
      "root": true,
      "rootEmpty": true,
      "_timeout": 2000
    }
  ],
  "meta": {
    "mocha": {
      "version": "7.0.1"
    },
    "mochawesome": {
      "options": {
        "quiet": true,
        "reportFilename": "mochawesome",
        "saveHtml": false,
        "saveJson": true,
        "consoleReporter": "spec",
        "useInlineDiffs": false,
        "code": true
      },
      "version": "6.2.2"
    },
    "marge": {
      "options": {
        "id": "default",
        "reportDir": "mochawesome-report",
        "quiet": true,
        "overwrite": false,
        "html": false,
        "json": true
      },
      "version": "5.2.0"
    }
  }
}